c:\users\cem levent\desktop\oop_grup3_project\oop_robotics_project\oop_robotics_project\x64\debug\vc143.pdb
c:\users\cem levent\desktop\oop_grup3_project\oop_robotics_project\oop_robotics_project\x64\debug\vc143.idb
c:\users\cem levent\desktop\oop_grup3_project\oop_robotics_project\oop_robotics_project\x64\debug\robotcontroller.obj
c:\users\cem levent\desktop\oop_grup3_project\oop_robotics_project\oop_robotics_project\x64\debug\robotcontroler.obj
c:\users\cem levent\desktop\oop_grup3_project\oop_robotics_project\oop_robotics_project\x64\debug\pose.obj
c:\users\cem levent\desktop\oop_grup3_project\oop_robotics_project\oop_robotics_project\x64\debug\safenavigation.obj
c:\users\cem levent\desktop\oop_grup3_project\oop_robotics_project\oop_robotics_project\x64\debug\robotoperator.obj
c:\users\cem levent\desktop\oop_grup3_project\oop_robotics_project\oop_robotics_project\x64\debug\record.obj
c:\users\cem levent\desktop\oop_grup3_project\oop_robotics_project\oop_robotics_project\x64\debug\point.obj
c:\users\cem levent\desktop\oop_grup3_project\oop_robotics_project\oop_robotics_project\x64\debug\mapper.obj
c:\users\cem levent\desktop\oop_grup3_project\oop_robotics_project\oop_robotics_project\x64\debug\map.obj
c:\users\cem levent\desktop\oop_grup3_project\oop_robotics_project\oop_robotics_project\x64\debug\lidarsensor.obj
c:\users\cem levent\desktop\oop_grup3_project\oop_robotics_project\oop_robotics_project\x64\debug\irsensor.obj
c:\users\cem levent\desktop\oop_grup3_project\oop_robotics_project\oop_robotics_project\x64\debug\encryption.obj
c:\users\cem levent\desktop\oop_grup3_project\oop_robotics_project\x64\debug\oop_robotics_project.exe
c:\users\cem levent\desktop\oop_grup3_project\oop_robotics_project\x64\debug\oop_robotics_project.pdb
c:\users\cem levent\desktop\oop_grup3_project\oop_robotics_project\oop_robotics_project\x64\debug\oop_robotics_project.ilk
c:\users\cem levent\desktop\oop_grup3_project\robotcontrolsystem\oop_robotics_project\oop_robotics_project\x64\debug\encryption.obj
c:\users\cem levent\desktop\oop_grup3_project\robotcontrolsystem\oop_robotics_project\oop_robotics_project\x64\debug\irsensor.obj
c:\users\cem levent\desktop\oop_grup3_project\robotcontrolsystem\oop_robotics_project\oop_robotics_project\x64\debug\lidarsensor.obj
c:\users\cem levent\desktop\oop_grup3_project\robotcontrolsystem\oop_robotics_project\oop_robotics_project\x64\debug\map.obj
c:\users\cem levent\desktop\oop_grup3_project\robotcontrolsystem\oop_robotics_project\oop_robotics_project\x64\debug\mapper.obj
c:\users\cem levent\desktop\oop_grup3_project\robotcontrolsystem\oop_robotics_project\oop_robotics_project\x64\debug\point.obj
c:\users\cem levent\desktop\oop_grup3_project\robotcontrolsystem\oop_robotics_project\oop_robotics_project\x64\debug\pose.obj
c:\users\cem levent\desktop\oop_grup3_project\robotcontrolsystem\oop_robotics_project\oop_robotics_project\x64\debug\record.obj
c:\users\cem levent\desktop\oop_grup3_project\robotcontrolsystem\oop_robotics_project\oop_robotics_project\x64\debug\robotcontroler.obj
c:\users\cem levent\desktop\oop_grup3_project\robotcontrolsystem\oop_robotics_project\oop_robotics_project\x64\debug\robotcontroller.obj
c:\users\cem levent\desktop\oop_grup3_project\robotcontrolsystem\oop_robotics_project\oop_robotics_project\x64\debug\robotoperator.obj
c:\users\cem levent\desktop\oop_grup3_project\robotcontrolsystem\oop_robotics_project\oop_robotics_project\x64\debug\safenavigation.obj
c:\users\cem levent\desktop\oop_grup3_project\robotcontrolsystem\oop_robotics_project\oop_robotics_project\x64\debug\oop_robotics_project.ilk
c:\users\cem levent\desktop\oop_grup3_project\robotcontrolsystem\oop_robotics_project\oop_robotics_project\x64\debug\vc143.idb
c:\users\cem levent\desktop\oop_grup3_project\robotcontrolsystem\oop_robotics_project\oop_robotics_project\x64\debug\vc143.pdb
c:\users\cem levent\desktop\oop_grup3_project\robotcontrolsystem\oop_robotics_project\x64\debug\oop_robotics_project.pdb
c:\users\cem levent\desktop\oop_grup3_project\robotcontrolsystem\oop_robotics_project\x64\debug\oop_robotics_project.exe
c:\users\cem levent\desktop\oop_grup3_project\robotcontrolsystem\oop_robotics_project\oop_robotics_project\x64\debug\oop_robo.55b33363.tlog\cl.command.1.tlog
c:\users\cem levent\desktop\oop_grup3_project\robotcontrolsystem\oop_robotics_project\oop_robotics_project\x64\debug\oop_robo.55b33363.tlog\cl.items.tlog
c:\users\cem levent\desktop\oop_grup3_project\robotcontrolsystem\oop_robotics_project\oop_robotics_project\x64\debug\oop_robo.55b33363.tlog\cl.read.1.tlog
c:\users\cem levent\desktop\oop_grup3_project\robotcontrolsystem\oop_robotics_project\oop_robotics_project\x64\debug\oop_robo.55b33363.tlog\cl.write.1.tlog
c:\users\cem levent\desktop\oop_grup3_project\robotcontrolsystem\oop_robotics_project\oop_robotics_project\x64\debug\oop_robo.55b33363.tlog\link.command.1.tlog
c:\users\cem levent\desktop\oop_grup3_project\robotcontrolsystem\oop_robotics_project\oop_robotics_project\x64\debug\oop_robo.55b33363.tlog\link.read.1.tlog
c:\users\cem levent\desktop\oop_grup3_project\robotcontrolsystem\oop_robotics_project\oop_robotics_project\x64\debug\oop_robo.55b33363.tlog\link.secondary.1.tlog
c:\users\cem levent\desktop\oop_grup3_project\robotcontrolsystem\oop_robotics_project\oop_robotics_project\x64\debug\oop_robo.55b33363.tlog\link.write.1.tlog
